{"logTime": "1222/152625", "correlationVector":"cmaR983cOfjbECn2r7EM7R.1","action":"SyncServerConnectionManagerRequest", "result":"SYNC_SERVER_OK", "context":{"environment":"Prod_southeastasia_prod-s01-064-apac-southeastasia", "migrationStage":"NotStarted", "server":"akswtt00300001p"}}
{"logTime": "1222/152626", "correlationVector":"mBPzSL/g7OOleRsETEJyaV","action":"SyncServerConnectionManagerRequest", "result":"SYNC_SERVER_OK", "context":{"environment":"", "migrationStage":"", "server":""}}
{"logTime": "1222/152626", "correlationVector":"cmaR983cOfjbECn2r7EM7R","action":"Initial GetUpdates", "result":"", "context":Reason: NEW_CLIENT. cV=cmaR983cOfjbECn2r7EM7R}
{"logTime": "1222/152626", "correlationVector":"cmaR983cOfjbECn2r7EM7R.2","action":"GetUpdates Response", "result":"Success", "context":Received 1 update(s). cV=cmaR983cOfjbECn2r7EM7R.0;server=akswtt00300001p;cloudType=Consumer;environment=Prod_southeastasia_prod-s01-064-apac-southeastasia;migrationStage=NotStarted}
{"logTime": "1222/152626", "correlationVector":"HFtpgEb1zZuD2tszZFc4Vt","action":"Normal GetUpdate request", "result":"", "context":cV=HFtpgEb1zZuD2tszZFc4Vt
Refresh requested types: Device Info, User Consents, Send Tab To Self, Encryption Keys}
{"logTime": "1222/152626", "correlationVector":"HFtpgEb1zZuD2tszZFc4Vt.1","action":"SyncServerConnectionManagerRequest", "result":"SYNC_SERVER_OK", "context":{"environment":"Prod_southeastasia_prod-s01-064-apac-southeastasia", "migrationStage":"NotStarted", "server":"akswtt00300000q"}}
{"logTime": "1222/152626", "correlationVector":"HFtpgEb1zZuD2tszZFc4Vt.2","action":"GetUpdates Response", "result":"Success", "context":Received 0 update(s). cV=HFtpgEb1zZuD2tszZFc4Vt.0;server=akswtt00300000q;cloudType=Consumer;environment=Prod_southeastasia_prod-s01-064-apac-southeastasia;migrationStage=NotStarted}
{"logTime": "1222/153121", "correlationVector":"nOg9Ku3bGL8UwIMjUsEZ1F","action":"Normal GetUpdate request", "result":"", "context":cV=nOg9Ku3bGL8UwIMjUsEZ1F
Refresh requested types: Device Info, User Consents, Send Tab To Self, Encryption Keys}
{"logTime": "1222/153122", "correlationVector":"nOg9Ku3bGL8UwIMjUsEZ1F.1","action":"SyncServerConnectionManagerRequest", "result":"SYNC_SERVER_OK", "context":{"environment":"Prod_southeastasia_prod-s01-064-apac-southeastasia", "migrationStage":"NotStarted", "server":"akswtt00300000u"}}
{"logTime": "1222/153122", "correlationVector":"nOg9Ku3bGL8UwIMjUsEZ1F.2","action":"GetUpdates Response", "result":"Success", "context":Received 0 update(s). cV=nOg9Ku3bGL8UwIMjUsEZ1F.0;server=akswtt00300000u;cloudType=Consumer;environment=Prod_southeastasia_prod-s01-064-apac-southeastasia;migrationStage=NotStarted}
{"logTime": "1222/153821", "correlationVector":"MZfNYSvbor3esWB7aWOM5G.1","action":"SyncServerConnectionManagerRequest", "result":"SYNC_SERVER_OK", "context":{"environment":"Prod_southeastasia_prod-s01-064-apac-southeastasia", "migrationStage":"NotStarted", "server":"akswtt00300001r"}}
{"logTime": "1222/153823", "correlationVector":"56dqg7T1BhxEByGFgOqXK/","action":"SyncServerConnectionManagerRequest", "result":"SYNC_SERVER_OK", "context":{"environment":"", "migrationStage":"", "server":""}}
{"logTime": "1222/153823", "correlationVector":"MZfNYSvbor3esWB7aWOM5G","action":"Initial GetUpdates", "result":"", "context":Reason: NEW_CLIENT. cV=MZfNYSvbor3esWB7aWOM5G}
{"logTime": "1222/153823", "correlationVector":"MZfNYSvbor3esWB7aWOM5G.2","action":"GetUpdates Response", "result":"Success", "context":Received 1 update(s). cV=MZfNYSvbor3esWB7aWOM5G.0;server=akswtt00300001r;cloudType=Consumer;environment=Prod_southeastasia_prod-s01-064-apac-southeastasia;migrationStage=NotStarted}
{"logTime": "1222/153823", "correlationVector":"OqRQTAo+OHvP+6cLGBkVJU","action":"Normal GetUpdate request", "result":"", "context":cV=OqRQTAo+OHvP+6cLGBkVJU
Refresh requested types: Device Info, User Consents, Send Tab To Self, Encryption Keys}
{"logTime": "1222/153823", "correlationVector":"OqRQTAo+OHvP+6cLGBkVJU.1","action":"SyncServerConnectionManagerRequest", "result":"SYNC_SERVER_OK", "context":{"environment":"Prod_southeastasia_prod-s01-064-apac-southeastasia", "migrationStage":"NotStarted", "server":"akswtt00300000m"}}
{"logTime": "1222/153823", "correlationVector":"OqRQTAo+OHvP+6cLGBkVJU.2","action":"GetUpdates Response", "result":"Success", "context":Received 0 update(s). cV=OqRQTAo+OHvP+6cLGBkVJU.0;server=akswtt00300000m;cloudType=Consumer;environment=Prod_southeastasia_prod-s01-064-apac-southeastasia;migrationStage=NotStarted}
{"logTime": "1222/161351", "correlationVector":"fROYUQ5+1whmLWs7FxSzWB.1","action":"SyncServerConnectionManagerRequest", "result":"SYNC_SERVER_OK", "context":{"environment":"Prod_southeastasia_prod-s01-064-apac-southeastasia", "migrationStage":"NotStarted", "server":"akswtt00300000i"}}
{"logTime": "1222/161353", "correlationVector":"tckQdX20FJidthktvAokT3","action":"SyncServerConnectionManagerRequest", "result":"SYNC_SERVER_OK", "context":{"environment":"", "migrationStage":"", "server":""}}
{"logTime": "1222/161353", "correlationVector":"fROYUQ5+1whmLWs7FxSzWB","action":"Initial GetUpdates", "result":"", "context":Reason: NEW_CLIENT. cV=fROYUQ5+1whmLWs7FxSzWB}
{"logTime": "1222/161353", "correlationVector":"fROYUQ5+1whmLWs7FxSzWB.2","action":"GetUpdates Response", "result":"Success", "context":Received 1 update(s). cV=fROYUQ5+1whmLWs7FxSzWB.0;server=akswtt00300000i;cloudType=Consumer;environment=Prod_southeastasia_prod-s01-064-apac-southeastasia;migrationStage=NotStarted}
{"logTime": "1222/161353", "correlationVector":"9rGPyfiPQl8a2Qkajf+rOE","action":"Normal GetUpdate request", "result":"", "context":cV=9rGPyfiPQl8a2Qkajf+rOE
Refresh requested types: Device Info, User Consents, Send Tab To Self, Encryption Keys}
{"logTime": "1222/161353", "correlationVector":"9rGPyfiPQl8a2Qkajf+rOE.1","action":"SyncServerConnectionManagerRequest", "result":"SYNC_SERVER_OK", "context":{"environment":"Prod_southeastasia_prod-s01-064-apac-southeastasia", "migrationStage":"NotStarted", "server":"akswtt00300000r"}}
{"logTime": "1222/161353", "correlationVector":"9rGPyfiPQl8a2Qkajf+rOE.2","action":"GetUpdates Response", "result":"Success", "context":Received 1 update(s). cV=9rGPyfiPQl8a2Qkajf+rOE.0;server=akswtt00300000r;cloudType=Consumer;environment=Prod_southeastasia_prod-s01-064-apac-southeastasia;migrationStage=NotStarted}
{"logTime": "1222/162122", "correlationVector":"p762wZqCvgP9d/aySdHqTr.1","action":"SyncServerConnectionManagerRequest", "result":"SYNC_SERVER_OK", "context":{"environment":"Prod_southeastasia_prod-s01-064-apac-southeastasia", "migrationStage":"NotStarted", "server":"akswtt003000006"}}
{"logTime": "1222/162127", "correlationVector":"XHcXfnXYt/SnUEl/N6CxmG","action":"SyncServerConnectionManagerRequest", "result":"SYNC_SERVER_OK", "context":{"environment":"", "migrationStage":"", "server":""}}
{"logTime": "1222/162129", "correlationVector":"p762wZqCvgP9d/aySdHqTr","action":"Initial GetUpdates", "result":"", "context":Reason: NEW_CLIENT. cV=p762wZqCvgP9d/aySdHqTr}
{"logTime": "1222/162129", "correlationVector":"p762wZqCvgP9d/aySdHqTr.2","action":"GetUpdates Response", "result":"Success", "context":Received 1 update(s). cV=p762wZqCvgP9d/aySdHqTr.0;server=akswtt003000006;cloudType=Consumer;environment=Prod_southeastasia_prod-s01-064-apac-southeastasia;migrationStage=NotStarted}
{"logTime": "1222/162130", "correlationVector":"FieYBmcQ77WErzYoSNg481","action":"Normal GetUpdate request", "result":"", "context":cV=FieYBmcQ77WErzYoSNg481
Refresh requested types: Device Info, User Consents, Send Tab To Self, Encryption Keys}
{"logTime": "1222/162130", "correlationVector":"FieYBmcQ77WErzYoSNg481.1","action":"SyncServerConnectionManagerRequest", "result":"SYNC_SERVER_OK", "context":{"environment":"Prod_southeastasia_prod-s01-065-apac-southeastasia", "migrationStage":"NotStarted", "server":"akswtt00300002i"}}
{"logTime": "1222/162130", "correlationVector":"FieYBmcQ77WErzYoSNg481.2","action":"GetUpdates Response", "result":"Success", "context":Received 0 update(s). cV=FieYBmcQ77WErzYoSNg481.0;server=akswtt00300002i;cloudType=Consumer;environment=Prod_southeastasia_prod-s01-065-apac-southeastasia;migrationStage=NotStarted}
{"logTime": "1222/162615", "correlationVector":"XR2ujuLu/lQbMuElQbuwDW","action":"Normal GetUpdate request", "result":"", "context":cV=XR2ujuLu/lQbMuElQbuwDW
Refresh requested types: Device Info, User Consents, Send Tab To Self, Encryption Keys}
{"logTime": "1222/162615", "correlationVector":"XR2ujuLu/lQbMuElQbuwDW.1","action":"SyncServerConnectionManagerRequest", "result":"SYNC_SERVER_OK", "context":{"environment":"Prod_southeastasia_prod-s01-064-apac-southeastasia", "migrationStage":"NotStarted", "server":"akswtt00300002i"}}
{"logTime": "1222/162615", "correlationVector":"XR2ujuLu/lQbMuElQbuwDW.2","action":"GetUpdates Response", "result":"Success", "context":Received 0 update(s). cV=XR2ujuLu/lQbMuElQbuwDW.0;server=akswtt00300002i;cloudType=Consumer;environment=Prod_southeastasia_prod-s01-064-apac-southeastasia;migrationStage=NotStarted}
{"logTime": "1222/173417", "correlationVector":"nXXvkqVL5YXlytN29liPNh.1","action":"SyncServerConnectionManagerRequest", "result":"SYNC_SERVER_OK", "context":{"environment":"Prod_southeastasia_prod-s01-064-apac-southeastasia", "migrationStage":"NotStarted", "server":"akswtt00300001o"}}
{"logTime": "1222/173418", "correlationVector":"Ja+zktLhe64s3X05Z3b4EM","action":"SyncServerConnectionManagerRequest", "result":"SYNC_SERVER_OK", "context":{"environment":"", "migrationStage":"", "server":""}}
{"logTime": "1222/173418", "correlationVector":"nXXvkqVL5YXlytN29liPNh","action":"Initial GetUpdates", "result":"", "context":Reason: NEW_CLIENT. cV=nXXvkqVL5YXlytN29liPNh}
{"logTime": "1222/173418", "correlationVector":"nXXvkqVL5YXlytN29liPNh.2","action":"GetUpdates Response", "result":"Success", "context":Received 1 update(s). cV=nXXvkqVL5YXlytN29liPNh.0;server=akswtt00300001o;cloudType=Consumer;environment=Prod_southeastasia_prod-s01-064-apac-southeastasia;migrationStage=NotStarted}
{"logTime": "1222/173418", "correlationVector":"abzwmKB1p3JjVZKWRvfkgE","action":"Normal GetUpdate request", "result":"", "context":cV=abzwmKB1p3JjVZKWRvfkgE
Refresh requested types: Device Info, User Consents, Send Tab To Self, Encryption Keys}
{"logTime": "1222/173418", "correlationVector":"abzwmKB1p3JjVZKWRvfkgE.1","action":"SyncServerConnectionManagerRequest", "result":"SYNC_SERVER_OK", "context":{"environment":"Prod_southeastasia_prod-s01-064-apac-southeastasia", "migrationStage":"NotStarted", "server":"akswtt00300001o"}}
{"logTime": "1222/173418", "correlationVector":"abzwmKB1p3JjVZKWRvfkgE.2","action":"GetUpdates Response", "result":"Success", "context":Received 0 update(s). cV=abzwmKB1p3JjVZKWRvfkgE.0;server=akswtt00300001o;cloudType=Consumer;environment=Prod_southeastasia_prod-s01-064-apac-southeastasia;migrationStage=NotStarted}
{"logTime": "1222/174325", "correlationVector":"hZMgXa+7f+2h5MQwMGQCQr.1","action":"SyncServerConnectionManagerRequest", "result":"SYNC_SERVER_OK", "context":{"environment":"Prod_southeastasia_prod-s01-065-apac-southeastasia", "migrationStage":"NotStarted", "server":"akswtt00300001n"}}
{"logTime": "1222/174325", "correlationVector":"Oz+XpT4K4V2+jy1FXb1TSU","action":"SyncServerConnectionManagerRequest", "result":"SYNC_SERVER_OK", "context":{"environment":"", "migrationStage":"", "server":""}}
{"logTime": "1222/174325", "correlationVector":"hZMgXa+7f+2h5MQwMGQCQr","action":"Initial GetUpdates", "result":"", "context":Reason: NEW_CLIENT. cV=hZMgXa+7f+2h5MQwMGQCQr}
{"logTime": "1222/174325", "correlationVector":"hZMgXa+7f+2h5MQwMGQCQr.2","action":"GetUpdates Response", "result":"Success", "context":Received 1 update(s). cV=hZMgXa+7f+2h5MQwMGQCQr.0;server=akswtt00300001n;cloudType=Consumer;environment=Prod_southeastasia_prod-s01-065-apac-southeastasia;migrationStage=NotStarted}
{"logTime": "1222/174326", "correlationVector":"B13Vg9aGPiePPK8UfKSStW","action":"Normal GetUpdate request", "result":"", "context":cV=B13Vg9aGPiePPK8UfKSStW
Refresh requested types: Device Info, User Consents, Send Tab To Self, Encryption Keys}
{"logTime": "1222/174326", "correlationVector":"B13Vg9aGPiePPK8UfKSStW.1","action":"SyncServerConnectionManagerRequest", "result":"SYNC_SERVER_OK", "context":{"environment":"Prod_southeastasia_prod-s01-065-apac-southeastasia", "migrationStage":"NotStarted", "server":"akswtt00300000n"}}
{"logTime": "1222/174326", "correlationVector":"B13Vg9aGPiePPK8UfKSStW.2","action":"GetUpdates Response", "result":"Success", "context":Received 0 update(s). cV=B13Vg9aGPiePPK8UfKSStW.0;server=akswtt00300000n;cloudType=Consumer;environment=Prod_southeastasia_prod-s01-065-apac-southeastasia;migrationStage=NotStarted}
{"logTime": "1222/174825", "correlationVector":"hCqd07NJxpakBSdnNx6bJ9","action":"Normal GetUpdate request", "result":"", "context":cV=hCqd07NJxpakBSdnNx6bJ9
Refresh requested types: Device Info, User Consents, Send Tab To Self, Encryption Keys}
{"logTime": "1222/174826", "correlationVector":"hCqd07NJxpakBSdnNx6bJ9.1","action":"SyncServerConnectionManagerRequest", "result":"SYNC_SERVER_OK", "context":{"environment":"Prod_southeastasia_prod-s01-065-apac-southeastasia", "migrationStage":"NotStarted", "server":"akswtt00300002s"}}
{"logTime": "1222/174826", "correlationVector":"hCqd07NJxpakBSdnNx6bJ9.2","action":"GetUpdates Response", "result":"Success", "context":Received 0 update(s). cV=hCqd07NJxpakBSdnNx6bJ9.0;server=akswtt00300002s;cloudType=Consumer;environment=Prod_southeastasia_prod-s01-065-apac-southeastasia;migrationStage=NotStarted}
{"logTime": "1222/175159", "correlationVector":"VIHNxnUFGEmDkFqIbcC68f.1","action":"SyncServerConnectionManagerRequest", "result":"SYNC_SERVER_OK", "context":{"environment":"Prod_southeastasia_prod-s01-064-apac-southeastasia", "migrationStage":"NotStarted", "server":"akswtt00300001p"}}
{"logTime": "1222/175200", "correlationVector":"qY/zmJWVX/j3I0JW4uPY2c","action":"SyncServerConnectionManagerRequest", "result":"SYNC_SERVER_OK", "context":{"environment":"", "migrationStage":"", "server":""}}
{"logTime": "1222/175200", "correlationVector":"VIHNxnUFGEmDkFqIbcC68f","action":"Initial GetUpdates", "result":"", "context":Reason: NEW_CLIENT. cV=VIHNxnUFGEmDkFqIbcC68f}
{"logTime": "1222/175200", "correlationVector":"VIHNxnUFGEmDkFqIbcC68f.2","action":"GetUpdates Response", "result":"Success", "context":Received 1 update(s). cV=VIHNxnUFGEmDkFqIbcC68f.0;server=akswtt00300001p;cloudType=Consumer;environment=Prod_southeastasia_prod-s01-064-apac-southeastasia;migrationStage=NotStarted}
{"logTime": "1222/175200", "correlationVector":"1SJlAPqPbMuyA3jVCijxTK","action":"Normal GetUpdate request", "result":"", "context":cV=1SJlAPqPbMuyA3jVCijxTK
Refresh requested types: Device Info, User Consents, Send Tab To Self, Encryption Keys}
{"logTime": "1222/175200", "correlationVector":"1SJlAPqPbMuyA3jVCijxTK.1","action":"SyncServerConnectionManagerRequest", "result":"SYNC_SERVER_OK", "context":{"environment":"Prod_southeastasia_prod-s01-064-apac-southeastasia", "migrationStage":"NotStarted", "server":"akswtt003000018"}}
{"logTime": "1222/175200", "correlationVector":"1SJlAPqPbMuyA3jVCijxTK.2","action":"GetUpdates Response", "result":"Success", "context":Received 0 update(s). cV=1SJlAPqPbMuyA3jVCijxTK.0;server=akswtt003000018;cloudType=Consumer;environment=Prod_southeastasia_prod-s01-064-apac-southeastasia;migrationStage=NotStarted}
{"logTime": "1222/175659", "correlationVector":"qZ9yZuLAh8fVFt904gumMT","action":"Normal GetUpdate request", "result":"", "context":cV=qZ9yZuLAh8fVFt904gumMT
Refresh requested types: Device Info, User Consents, Send Tab To Self, Encryption Keys}
{"logTime": "1222/175700", "correlationVector":"qZ9yZuLAh8fVFt904gumMT.1","action":"SyncServerConnectionManagerRequest", "result":"SYNC_SERVER_OK", "context":{"environment":"Prod_southeastasia_prod-s01-065-apac-southeastasia", "migrationStage":"NotStarted", "server":"akswtt00300001s"}}
{"logTime": "1222/175700", "correlationVector":"qZ9yZuLAh8fVFt904gumMT.2","action":"GetUpdates Response", "result":"Success", "context":Received 0 update(s). cV=qZ9yZuLAh8fVFt904gumMT.0;server=akswtt00300001s;cloudType=Consumer;environment=Prod_southeastasia_prod-s01-065-apac-southeastasia;migrationStage=NotStarted}
