2024-12-22 13:06:14.871: [INFO][Sync] Reset engine, reason: 8
2024-12-22 13:06:14.871: [INFO][Sync] Stopped: Bookmarks
2024-12-22 13:06:14.872: [INFO][Sync] Stopped: Preferences
2024-12-22 13:06:14.872: [INFO][Sync] Stopped: Passwords
2024-12-22 13:06:14.872: [INFO][Sync] Stopped: Autofill Profiles
2024-12-22 13:06:14.872: [INFO][Sync] Stopped: Autofill
2024-12-22 13:06:14.872: [INFO][Sync] Stopped: Typed URLs
2024-12-22 13:06:14.872: [INFO][Sync] Stopped: Extensions
2024-12-22 13:06:14.872: [INFO][Sync] Stopped: Sessions
2024-12-22 13:06:14.872: [INFO][Sync] Stopped: Extension settings
2024-12-22 13:06:14.872: [INFO][Sync] Stopped: History Delete Directives
2024-12-22 13:06:14.872: [INFO][Sync] Stopped: Device Info
2024-12-22 13:06:14.872: [INFO][Sync] Stopped: User Consents
2024-12-22 13:06:14.872: [INFO][Sync] Stopped: Send Tab To Self
2024-12-22 13:06:14.872: [INFO][Sync] Stopped: Web Apps
2024-12-22 13:06:14.872: [INFO][Sync] Stopped: History
2024-12-22 13:06:14.872: [INFO][Sync] Stopped: Collection
2024-12-22 13:06:14.872: [INFO][Sync] Stopped: Edge E Drop
2024-12-22 13:06:14.872: [INFO][Sync] Stopped: Edge Hub App Usage
2024-12-22 13:06:14.872: [INFO][Sync] Stopped: Edge Tab Group
2024-12-22 13:06:14.872: [INFO][Sync] Stopped: Edge Wallet
2024-12-22 13:06:14.872: [INFO][Sync] SyncState after authenticated was: NotSignedIn
2024-12-22 13:06:17.110: [INFO][Sync] Reset engine, reason: 8
2024-12-22 13:06:17.110: [INFO][Sync] Stopped: Bookmarks
2024-12-22 13:06:17.110: [INFO][Sync] Stopped: Preferences
2024-12-22 13:06:17.110: [INFO][Sync] Stopped: Passwords
2024-12-22 13:06:17.110: [INFO][Sync] Stopped: Autofill Profiles
2024-12-22 13:06:17.110: [INFO][Sync] Stopped: Autofill
2024-12-22 13:06:17.110: [INFO][Sync] Stopped: Typed URLs
2024-12-22 13:06:17.110: [INFO][Sync] Stopped: Extensions
2024-12-22 13:06:17.110: [INFO][Sync] Stopped: Sessions
2024-12-22 13:06:17.110: [INFO][Sync] Stopped: Extension settings
2024-12-22 13:06:17.110: [INFO][Sync] Stopped: History Delete Directives
2024-12-22 13:06:17.110: [INFO][Sync] Stopped: Device Info
2024-12-22 13:06:17.110: [INFO][Sync] Stopped: User Consents
2024-12-22 13:06:17.110: [INFO][Sync] Stopped: Send Tab To Self
2024-12-22 13:06:17.110: [INFO][Sync] Stopped: Web Apps
2024-12-22 13:06:17.110: [INFO][Sync] Stopped: History
2024-12-22 13:06:17.110: [INFO][Sync] Stopped: Collection
2024-12-22 13:06:17.110: [INFO][Sync] Stopped: Edge E Drop
2024-12-22 13:06:17.110: [INFO][Sync] Stopped: Edge Hub App Usage
2024-12-22 13:06:17.110: [INFO][Sync] Stopped: Edge Tab Group
2024-12-22 13:06:17.110: [INFO][Sync] Stopped: Edge Wallet
2024-12-22 13:10:10.719: [INFO][Sync] Reset engine, reason: 0
2024-12-22 13:11:02.174: [INFO][Sync] SyncState after authenticated was: FeatureNotSetup
2024-12-22 13:11:41.997: [INFO][Sync] Reset engine, reason: 0
2024-12-22 15:26:10.380: [INFO][Sync] SyncState after authenticated was: FeatureNotSetup
2024-12-22 15:26:21.114: [INFO][Sync] Try to start sync engine
2024-12-22 15:26:21.118: [INFO][SyncManagerImpl::NudgeForInitialDownload] Initial download nudge for Encryption Keys
2024-12-22 15:26:21.118: [INFO][SyncEngineBackend::LoadAndConnectNigoriController] Load and connect Nigori controller
2024-12-22 15:26:21.118: [INFO][SyncEngineBackend::DoInitialize] Control Types added: Encryption Keys
2024-12-22 15:26:21.118: [INFO][SyncManagerImpl::ConfigureSyncer] Types to download: Encryption Keys with reason: 3
2024-12-22 15:26:21.118: [INFO][SyncSchedulerImpl::DoConfigurationSyncCycleJob] Configure job was blocked
2024-12-22 15:26:21.323: [INFO][SyncAuthManager::SetLastAuthError] Current auth error: None
2024-12-22 15:26:21.323: [INFO][SyncAuthManager::EdgeLogTokenErrorState] Token error with: None for account type: MSA
2024-12-22 15:26:21.323: [INFO][Sync] Credentials changed for: EdgeSyncScopeNew
2024-12-22 15:26:25.398: [INFO][SyncAuthManager::SetLastAuthError] Current auth error: None
2024-12-22 15:26:25.398: [INFO][SyncAuthManager::EdgeLogTokenErrorState] Token error with: None for account type: MSA
2024-12-22 15:26:25.398: [INFO][Sync] Credentials changed for: EdgeSyncKeyDataScope
2024-12-22 15:26:25.398: [INFO][SyncEngineBackend::DoUpdateKeyDataCredentials] Update key data credentials
2024-12-22 15:26:25.398: [INFO][SyncEngineBackend::DoUpdateCredentials] Update credentials
2024-12-22 15:26:25.398: [INFO][SyncSchedulerImpl::DoConfigurationSyncCycleJob] Blocked types:  and types to download: Encryption Keys
2024-12-22 15:26:25.851: [INFO][Sync] Started DataTypeManager configuration, reason: 4
2024-12-22 15:26:25.852: [INFO][Sync] Configuring for: Device Info, User Consents, Send Tab To Self, Encryption Keys, reason: 4, current state: 0
2024-12-22 15:26:25.854: [INFO][Sync] Configure, desired: Device Info, User Consents, Send Tab To Self, Encryption Keys; Allow fail: 
2024-12-22 15:26:25.855: [INFO][Sync] Loading: Device Info
2024-12-22 15:26:25.855: [INFO][Sync] Loading: User Consents
2024-12-22 15:26:25.855: [INFO][Sync] Loading: Send Tab To Self
2024-12-22 15:26:25.857: [INFO][Sync] All data types are ready for configure.
2024-12-22 15:26:26.457: [INFO][Sync] Started DataTypeManager configuration, reason: 5
2024-12-22 15:26:26.457: [INFO][Sync] Configuring for: Device Info, User Consents, Send Tab To Self, Encryption Keys, reason: 5, current state: 1
2024-12-22 15:26:26.463: [INFO][SyncEngineBackend::DoStartConfiguration] Start configuration
2024-12-22 15:26:26.467: [INFO][SyncManagerImpl::ConfigureSyncer] Types to download:  with reason: 4
2024-12-22 15:26:26.467: [INFO][SyncEngineBackend::DoFinishConfigureDataTypes] Failed to download types:  and succeeded types: 
2024-12-22 15:26:26.467: [INFO][Sync] ConfigurationDone, failed: , succeeded: , remaining count: 2
2024-12-22 15:26:26.467: [WARN][Sync]     Reconfigure requested while configuration ongoing.
2024-12-22 15:26:26.467: [INFO][Sync] Configuring for: Device Info, User Consents, Send Tab To Self, Encryption Keys, reason: 5, current state: 2
2024-12-22 15:26:26.467: [INFO][Sync] Configure, desired: Device Info, User Consents, Send Tab To Self, Encryption Keys; Allow fail: 
2024-12-22 15:26:26.467: [INFO][Sync] All data types are ready for configure.
2024-12-22 15:26:26.468: [INFO][SyncManagerImpl::ConfigureSyncer] Types to download:  with reason: 5
2024-12-22 15:26:26.468: [INFO][SyncEngineBackend::DoFinishConfigureDataTypes] Failed to download types:  and succeeded types: 
2024-12-22 15:26:26.468: [INFO][Sync] ConfigurationDone, failed: , succeeded: , remaining count: 2
2024-12-22 15:26:26.470: [INFO][SyncManagerImpl::ConfigureSyncer] Types to download:  with reason: 5
2024-12-22 15:26:26.470: [INFO][SyncEngineBackend::DoFinishConfigureDataTypes] Failed to download types:  and succeeded types: 
2024-12-22 15:26:26.470: [INFO][Sync] ConfigurationDone, failed: , succeeded: , remaining count: 1
2024-12-22 15:26:26.471: [INFO][SyncManagerImpl::ConfigureSyncer] Types to download:  with reason: 5
2024-12-22 15:26:26.471: [INFO][SyncEngineBackend::DoFinishConfigureDataTypes] Failed to download types:  and succeeded types: 
2024-12-22 15:26:26.474: [INFO][Sync] ConfigurationDone, failed: , succeeded: , remaining count: 0
2024-12-22 15:26:26.475: [INFO][Sync]     Configuration completed, state: 7
2024-12-22 15:26:26.479: [INFO][Sync] Configured DataTypeManager: Ok
2024-12-22 15:26:26.481: [INFO][SyncEngineBackend::DoStartSyncing] Start syncing
2024-12-22 15:37:58.701: [INFO][Sync] SyncState after authenticated was: FeatureNotSetup
2024-12-22 15:38:10.141: [INFO][Sync] Try to start sync engine
2024-12-22 15:38:11.830: [INFO][SyncManagerImpl::NudgeForInitialDownload] Initial download nudge for Encryption Keys
2024-12-22 15:38:11.830: [INFO][SyncEngineBackend::LoadAndConnectNigoriController] Load and connect Nigori controller
2024-12-22 15:38:11.830: [INFO][SyncEngineBackend::DoInitialize] Control Types added: Encryption Keys
2024-12-22 15:38:11.830: [INFO][SyncManagerImpl::ConfigureSyncer] Types to download: Encryption Keys with reason: 3
2024-12-22 15:38:11.834: [INFO][SyncSchedulerImpl::DoConfigurationSyncCycleJob] Configure job was blocked
2024-12-22 15:38:12.522: [INFO][SyncAuthManager::SetLastAuthError] Current auth error: None
2024-12-22 15:38:12.522: [INFO][SyncAuthManager::EdgeLogTokenErrorState] Token error with: None for account type: MSA
2024-12-22 15:38:12.773: [INFO][Sync] Credentials changed for: EdgeSyncScopeNew
2024-12-22 15:38:20.781: [INFO][SyncAuthManager::SetLastAuthError] Current auth error: None
2024-12-22 15:38:20.782: [INFO][SyncAuthManager::EdgeLogTokenErrorState] Token error with: None for account type: MSA
2024-12-22 15:38:20.785: [INFO][Sync] Credentials changed for: EdgeSyncKeyDataScope
2024-12-22 15:38:20.785: [INFO][SyncEngineBackend::DoUpdateKeyDataCredentials] Update key data credentials
2024-12-22 15:38:20.785: [INFO][SyncEngineBackend::DoUpdateCredentials] Update credentials
2024-12-22 15:38:20.788: [INFO][SyncSchedulerImpl::DoConfigurationSyncCycleJob] Blocked types:  and types to download: Encryption Keys
2024-12-22 15:38:22.521: [INFO][Sync] Started DataTypeManager configuration, reason: 4
2024-12-22 15:38:22.522: [INFO][Sync] Configuring for: Device Info, User Consents, Send Tab To Self, Encryption Keys, reason: 4, current state: 0
2024-12-22 15:38:22.525: [INFO][Sync] Configure, desired: Device Info, User Consents, Send Tab To Self, Encryption Keys; Allow fail: 
2024-12-22 15:38:22.527: [INFO][Sync] Loading: Device Info
2024-12-22 15:38:22.527: [INFO][Sync] Loading: User Consents
2024-12-22 15:38:22.527: [INFO][Sync] Loading: Send Tab To Self
2024-12-22 15:38:22.529: [INFO][Sync] All data types are ready for configure.
2024-12-22 15:38:23.260: [INFO][Sync] Started DataTypeManager configuration, reason: 5
2024-12-22 15:38:23.261: [INFO][Sync] Configuring for: Device Info, User Consents, Send Tab To Self, Encryption Keys, reason: 5, current state: 1
2024-12-22 15:38:23.265: [INFO][SyncEngineBackend::DoStartConfiguration] Start configuration
2024-12-22 15:38:23.266: [INFO][SyncManagerImpl::ConfigureSyncer] Types to download:  with reason: 4
2024-12-22 15:38:23.266: [INFO][SyncEngineBackend::DoFinishConfigureDataTypes] Failed to download types:  and succeeded types: 
2024-12-22 15:38:23.267: [INFO][Sync] ConfigurationDone, failed: , succeeded: , remaining count: 2
2024-12-22 15:38:23.267: [WARN][Sync]     Reconfigure requested while configuration ongoing.
2024-12-22 15:38:23.267: [INFO][Sync] Configuring for: Device Info, User Consents, Send Tab To Self, Encryption Keys, reason: 5, current state: 2
2024-12-22 15:38:23.267: [INFO][Sync] Configure, desired: Device Info, User Consents, Send Tab To Self, Encryption Keys; Allow fail: 
2024-12-22 15:38:23.267: [INFO][Sync] All data types are ready for configure.
2024-12-22 15:38:23.267: [INFO][SyncManagerImpl::ConfigureSyncer] Types to download:  with reason: 5
2024-12-22 15:38:23.267: [INFO][SyncEngineBackend::DoFinishConfigureDataTypes] Failed to download types:  and succeeded types: 
2024-12-22 15:38:23.267: [INFO][Sync] ConfigurationDone, failed: , succeeded: , remaining count: 2
2024-12-22 15:38:23.268: [INFO][SyncManagerImpl::ConfigureSyncer] Types to download:  with reason: 5
2024-12-22 15:38:23.268: [INFO][SyncEngineBackend::DoFinishConfigureDataTypes] Failed to download types:  and succeeded types: 
2024-12-22 15:38:23.268: [INFO][Sync] ConfigurationDone, failed: , succeeded: , remaining count: 1
2024-12-22 15:38:23.269: [INFO][SyncManagerImpl::ConfigureSyncer] Types to download:  with reason: 5
2024-12-22 15:38:23.270: [INFO][SyncEngineBackend::DoFinishConfigureDataTypes] Failed to download types:  and succeeded types: 
2024-12-22 15:38:23.270: [INFO][Sync] ConfigurationDone, failed: , succeeded: , remaining count: 0
2024-12-22 15:38:23.270: [INFO][Sync]     Configuration completed, state: 7
2024-12-22 15:38:23.272: [INFO][Sync] Configured DataTypeManager: Ok
2024-12-22 15:38:23.273: [INFO][SyncEngineBackend::DoStartSyncing] Start syncing
2024-12-22 15:42:32.431: [INFO][Sync] Reset engine, reason: 0
2024-12-22 15:42:32.432: [INFO][Sync] Reset engine with reason: 0
2024-12-22 16:13:39.399: [INFO][Sync] SyncState after authenticated was: FeatureNotSetup
2024-12-22 16:13:46.016: [INFO][SyncAuthManager::SetLastAuthError] Current auth error: None
2024-12-22 16:13:46.017: [INFO][SyncAuthManager::EdgeLogTokenErrorState] Token error with: None for account type: MSA
2024-12-22 16:13:46.019: [INFO][Sync] Credentials changed for: EdgeSyncKeyDataScope
2024-12-22 16:13:50.223: [INFO][Sync] Try to start sync engine
2024-12-22 16:13:50.241: [INFO][SyncManagerImpl::NudgeForInitialDownload] Initial download nudge for Encryption Keys
2024-12-22 16:13:50.241: [INFO][SyncEngineBackend::LoadAndConnectNigoriController] Load and connect Nigori controller
2024-12-22 16:13:50.241: [INFO][SyncEngineBackend::DoInitialize] Control Types added: Encryption Keys
2024-12-22 16:13:50.241: [INFO][SyncManagerImpl::ConfigureSyncer] Types to download: Encryption Keys with reason: 3
2024-12-22 16:13:50.241: [INFO][SyncEngineBackend::DoUpdateKeyDataCredentials] Update key data credentials
2024-12-22 16:13:50.242: [INFO][SyncSchedulerImpl::DoConfigurationSyncCycleJob] Configure job was blocked
2024-12-22 16:13:51.053: [INFO][SyncAuthManager::SetLastAuthError] Current auth error: None
2024-12-22 16:13:51.053: [INFO][SyncAuthManager::EdgeLogTokenErrorState] Token error with: None for account type: MSA
2024-12-22 16:13:51.053: [INFO][Sync] Credentials changed for: EdgeSyncScopeNew
2024-12-22 16:13:51.053: [INFO][SyncEngineBackend::DoUpdateCredentials] Update credentials
2024-12-22 16:13:51.082: [INFO][SyncEngineBackend::DoUpdateKeyDataCredentials] Update key data credentials
2024-12-22 16:13:51.082: [INFO][SyncSchedulerImpl::DoConfigurationSyncCycleJob] Blocked types:  and types to download: Encryption Keys
2024-12-22 16:13:52.627: [INFO][Sync] Started DataTypeManager configuration, reason: 4
2024-12-22 16:13:52.627: [INFO][Sync] Configuring for: Device Info, User Consents, Send Tab To Self, Encryption Keys, reason: 4, current state: 0
2024-12-22 16:13:52.628: [INFO][Sync] Configure, desired: Device Info, User Consents, Send Tab To Self, Encryption Keys; Allow fail: 
2024-12-22 16:13:52.628: [INFO][Sync] Loading: Device Info
2024-12-22 16:13:52.628: [INFO][Sync] Loading: User Consents
2024-12-22 16:13:52.628: [INFO][Sync] Loading: Send Tab To Self
2024-12-22 16:13:52.630: [INFO][Sync] All data types are ready for configure.
2024-12-22 16:13:53.144: [INFO][SyncEngineBackend::DoStartConfiguration] Start configuration
2024-12-22 16:13:53.144: [INFO][SyncManagerImpl::ConfigureSyncer] Types to download:  with reason: 4
2024-12-22 16:13:53.144: [INFO][SyncEngineBackend::DoFinishConfigureDataTypes] Failed to download types:  and succeeded types: 
2024-12-22 16:13:53.190: [INFO][Sync] Started DataTypeManager configuration, reason: 5
2024-12-22 16:13:53.190: [INFO][Sync] Configuring for: Device Info, User Consents, Send Tab To Self, Encryption Keys, reason: 5, current state: 1
2024-12-22 16:13:53.191: [INFO][Sync] ConfigurationDone, failed: , succeeded: , remaining count: 2
2024-12-22 16:13:53.191: [WARN][Sync]     Reconfigure requested while configuration ongoing.
2024-12-22 16:13:53.191: [INFO][Sync] Configuring for: Device Info, User Consents, Send Tab To Self, Encryption Keys, reason: 5, current state: 2
2024-12-22 16:13:53.191: [INFO][Sync] Configure, desired: Device Info, User Consents, Send Tab To Self, Encryption Keys; Allow fail: 
2024-12-22 16:13:53.192: [INFO][Sync] All data types are ready for configure.
2024-12-22 16:13:53.192: [INFO][SyncManagerImpl::ConfigureSyncer] Types to download:  with reason: 5
2024-12-22 16:13:53.192: [INFO][SyncEngineBackend::DoFinishConfigureDataTypes] Failed to download types:  and succeeded types: 
2024-12-22 16:13:53.192: [INFO][Sync] ConfigurationDone, failed: , succeeded: , remaining count: 2
2024-12-22 16:13:53.192: [INFO][SyncManagerImpl::ConfigureSyncer] Types to download:  with reason: 5
2024-12-22 16:13:53.192: [INFO][SyncEngineBackend::DoFinishConfigureDataTypes] Failed to download types:  and succeeded types: 
2024-12-22 16:13:53.192: [INFO][Sync] ConfigurationDone, failed: , succeeded: , remaining count: 1
2024-12-22 16:13:53.193: [INFO][SyncManagerImpl::ConfigureSyncer] Types to download:  with reason: 5
2024-12-22 16:13:53.193: [INFO][SyncEngineBackend::DoFinishConfigureDataTypes] Failed to download types:  and succeeded types: 
2024-12-22 16:13:53.196: [INFO][Sync] ConfigurationDone, failed: , succeeded: , remaining count: 0
2024-12-22 16:13:53.197: [INFO][Sync]     Configuration completed, state: 7
2024-12-22 16:13:53.198: [INFO][Sync] Configured DataTypeManager: Ok
2024-12-22 16:13:53.199: [INFO][SyncEngineBackend::DoStartSyncing] Start syncing
2024-12-22 16:15:36.923: [INFO][Sync] Reset engine, reason: 0
2024-12-22 16:15:36.923: [INFO][Sync] Reset engine with reason: 0
2024-12-22 16:21:01.712: [INFO][Sync] SyncState after authenticated was: FeatureNotSetup
2024-12-22 16:21:10.180: [INFO][SyncAuthManager::SetLastAuthError] Current auth error: None
2024-12-22 16:21:10.180: [INFO][SyncAuthManager::EdgeLogTokenErrorState] Token error with: None for account type: MSA
2024-12-22 16:21:10.180: [INFO][Sync] Credentials changed for: EdgeSyncKeyDataScope
2024-12-22 16:21:13.831: [INFO][Sync] Try to start sync engine
2024-12-22 16:21:17.916: [INFO][SyncAuthManager::SetLastAuthError] Current auth error: None
2024-12-22 16:21:17.916: [INFO][SyncAuthManager::EdgeLogTokenErrorState] Token error with: None for account type: MSA
2024-12-22 16:21:17.916: [INFO][Sync] Credentials changed for: EdgeSyncScopeNew
2024-12-22 16:21:18.400: [INFO][SyncManagerImpl::NudgeForInitialDownload] Initial download nudge for Encryption Keys
2024-12-22 16:21:18.400: [INFO][SyncEngineBackend::LoadAndConnectNigoriController] Load and connect Nigori controller
2024-12-22 16:21:18.400: [INFO][SyncEngineBackend::DoInitialize] Control Types added: Encryption Keys
2024-12-22 16:21:18.400: [INFO][SyncManagerImpl::ConfigureSyncer] Types to download: Encryption Keys with reason: 3
2024-12-22 16:21:18.400: [INFO][SyncEngineBackend::DoUpdateKeyDataCredentials] Update key data credentials
2024-12-22 16:21:18.628: [INFO][SyncEngineBackend::DoUpdateCredentials] Update credentials
2024-12-22 16:21:18.628: [INFO][SyncEngineBackend::DoUpdateKeyDataCredentials] Update key data credentials
2024-12-22 16:21:18.628: [INFO][SyncSchedulerImpl::DoConfigurationSyncCycleJob] Blocked types:  and types to download: Encryption Keys
2024-12-22 16:21:26.604: [INFO][Sync] Started DataTypeManager configuration, reason: 4
2024-12-22 16:21:26.608: [INFO][Sync] Configuring for: Device Info, User Consents, Send Tab To Self, Encryption Keys, reason: 4, current state: 0
2024-12-22 16:21:27.306: [INFO][Sync] Configure, desired: Device Info, User Consents, Send Tab To Self, Encryption Keys; Allow fail: 
2024-12-22 16:21:27.310: [INFO][Sync] Loading: Device Info
2024-12-22 16:21:27.310: [INFO][Sync] Loading: User Consents
2024-12-22 16:21:27.310: [INFO][Sync] Loading: Send Tab To Self
2024-12-22 16:21:27.566: [INFO][Sync] All data types are ready for configure.
2024-12-22 16:21:28.952: [INFO][Sync] Started DataTypeManager configuration, reason: 5
2024-12-22 16:21:28.952: [INFO][Sync] Configuring for: Device Info, User Consents, Send Tab To Self, Encryption Keys, reason: 5, current state: 1
2024-12-22 16:21:29.498: [INFO][SyncEngineBackend::DoStartConfiguration] Start configuration
2024-12-22 16:21:29.535: [INFO][SyncManagerImpl::ConfigureSyncer] Types to download:  with reason: 4
2024-12-22 16:21:29.535: [INFO][SyncEngineBackend::DoFinishConfigureDataTypes] Failed to download types:  and succeeded types: 
2024-12-22 16:21:29.537: [INFO][Sync] ConfigurationDone, failed: , succeeded: , remaining count: 2
2024-12-22 16:21:29.537: [WARN][Sync]     Reconfigure requested while configuration ongoing.
2024-12-22 16:21:29.538: [INFO][Sync] Configuring for: Device Info, User Consents, Send Tab To Self, Encryption Keys, reason: 5, current state: 2
2024-12-22 16:21:29.538: [INFO][Sync] Configure, desired: Device Info, User Consents, Send Tab To Self, Encryption Keys; Allow fail: 
2024-12-22 16:21:29.538: [INFO][Sync] All data types are ready for configure.
2024-12-22 16:21:29.538: [INFO][SyncManagerImpl::ConfigureSyncer] Types to download:  with reason: 5
2024-12-22 16:21:29.538: [INFO][SyncEngineBackend::DoFinishConfigureDataTypes] Failed to download types:  and succeeded types: 
2024-12-22 16:21:29.538: [INFO][Sync] ConfigurationDone, failed: , succeeded: , remaining count: 2
2024-12-22 16:21:29.538: [INFO][SyncManagerImpl::ConfigureSyncer] Types to download:  with reason: 5
2024-12-22 16:21:29.538: [INFO][SyncEngineBackend::DoFinishConfigureDataTypes] Failed to download types:  and succeeded types: 
2024-12-22 16:21:29.538: [INFO][Sync] ConfigurationDone, failed: , succeeded: , remaining count: 1
2024-12-22 16:21:29.540: [INFO][SyncManagerImpl::ConfigureSyncer] Types to download:  with reason: 5
2024-12-22 16:21:29.541: [INFO][SyncEngineBackend::DoFinishConfigureDataTypes] Failed to download types:  and succeeded types: 
2024-12-22 16:21:29.548: [INFO][Sync] ConfigurationDone, failed: , succeeded: , remaining count: 0
2024-12-22 16:21:29.550: [INFO][Sync]     Configuration completed, state: 7
2024-12-22 16:21:30.002: [INFO][Sync] Configured DataTypeManager: Ok
2024-12-22 16:21:30.004: [INFO][SyncEngineBackend::DoStartSyncing] Start syncing
2024-12-22 16:30:57.243: [INFO][Sync] Reset engine, reason: 0
2024-12-22 16:30:57.244: [INFO][Sync] Reset engine with reason: 0
2024-12-22 17:34:06.364: [INFO][Sync] SyncState after authenticated was: FeatureNotSetup
2024-12-22 17:34:10.801: [INFO][SyncAuthManager::SetLastAuthError] Current auth error: None
2024-12-22 17:34:10.801: [INFO][SyncAuthManager::EdgeLogTokenErrorState] Token error with: None for account type: MSA
2024-12-22 17:34:10.809: [INFO][Sync] Credentials changed for: EdgeSyncKeyDataScope
2024-12-22 17:34:16.893: [INFO][Sync] Try to start sync engine
2024-12-22 17:34:16.894: [INFO][SyncManagerImpl::NudgeForInitialDownload] Initial download nudge for Encryption Keys
2024-12-22 17:34:16.894: [INFO][SyncEngineBackend::LoadAndConnectNigoriController] Load and connect Nigori controller
2024-12-22 17:34:16.894: [INFO][SyncEngineBackend::DoInitialize] Control Types added: Encryption Keys
2024-12-22 17:34:16.894: [INFO][SyncManagerImpl::ConfigureSyncer] Types to download: Encryption Keys with reason: 3
2024-12-22 17:34:16.895: [INFO][SyncEngineBackend::DoUpdateKeyDataCredentials] Update key data credentials
2024-12-22 17:34:16.895: [INFO][SyncSchedulerImpl::DoConfigurationSyncCycleJob] Configure job was blocked
2024-12-22 17:34:16.954: [INFO][SyncAuthManager::SetLastAuthError] Current auth error: None
2024-12-22 17:34:16.954: [INFO][SyncAuthManager::EdgeLogTokenErrorState] Token error with: None for account type: MSA
2024-12-22 17:34:16.954: [INFO][Sync] Credentials changed for: EdgeSyncScopeNew
2024-12-22 17:34:16.955: [INFO][SyncEngineBackend::DoUpdateCredentials] Update credentials
2024-12-22 17:34:16.955: [INFO][SyncSchedulerImpl::DoConfigurationSyncCycleJob] Blocked types:  and types to download: Encryption Keys
2024-12-22 17:34:17.432: [INFO][SyncEngineBackend::DoUpdateKeyDataCredentials] Update key data credentials
2024-12-22 17:34:17.465: [INFO][Sync] Started DataTypeManager configuration, reason: 4
2024-12-22 17:34:17.465: [INFO][Sync] Configuring for: Device Info, User Consents, Send Tab To Self, Encryption Keys, reason: 4, current state: 0
2024-12-22 17:34:17.466: [INFO][Sync] Configure, desired: Device Info, User Consents, Send Tab To Self, Encryption Keys; Allow fail: 
2024-12-22 17:34:17.467: [INFO][Sync] Loading: Device Info
2024-12-22 17:34:17.467: [INFO][Sync] Loading: User Consents
2024-12-22 17:34:17.467: [INFO][Sync] Loading: Send Tab To Self
2024-12-22 17:34:17.469: [INFO][Sync] All data types are ready for configure.
2024-12-22 17:34:18.197: [INFO][Sync] Started DataTypeManager configuration, reason: 5
2024-12-22 17:34:18.197: [INFO][Sync] Configuring for: Device Info, User Consents, Send Tab To Self, Encryption Keys, reason: 5, current state: 1
2024-12-22 17:34:18.198: [INFO][SyncEngineBackend::DoStartConfiguration] Start configuration
2024-12-22 17:34:18.198: [INFO][SyncManagerImpl::ConfigureSyncer] Types to download:  with reason: 4
2024-12-22 17:34:18.198: [INFO][SyncEngineBackend::DoFinishConfigureDataTypes] Failed to download types:  and succeeded types: 
2024-12-22 17:34:18.202: [INFO][Sync] ConfigurationDone, failed: , succeeded: , remaining count: 2
2024-12-22 17:34:18.202: [WARN][Sync]     Reconfigure requested while configuration ongoing.
2024-12-22 17:34:18.202: [INFO][Sync] Configuring for: Device Info, User Consents, Send Tab To Self, Encryption Keys, reason: 5, current state: 2
2024-12-22 17:34:18.202: [INFO][Sync] Configure, desired: Device Info, User Consents, Send Tab To Self, Encryption Keys; Allow fail: 
2024-12-22 17:34:18.202: [INFO][Sync] All data types are ready for configure.
2024-12-22 17:34:18.202: [INFO][SyncManagerImpl::ConfigureSyncer] Types to download:  with reason: 5
2024-12-22 17:34:18.202: [INFO][SyncEngineBackend::DoFinishConfigureDataTypes] Failed to download types:  and succeeded types: 
2024-12-22 17:34:18.202: [INFO][Sync] ConfigurationDone, failed: , succeeded: , remaining count: 2
2024-12-22 17:34:18.202: [INFO][SyncManagerImpl::ConfigureSyncer] Types to download:  with reason: 5
2024-12-22 17:34:18.202: [INFO][SyncEngineBackend::DoFinishConfigureDataTypes] Failed to download types:  and succeeded types: 
2024-12-22 17:34:18.202: [INFO][Sync] ConfigurationDone, failed: , succeeded: , remaining count: 1
2024-12-22 17:34:18.203: [INFO][SyncManagerImpl::ConfigureSyncer] Types to download:  with reason: 5
2024-12-22 17:34:18.203: [INFO][SyncEngineBackend::DoFinishConfigureDataTypes] Failed to download types:  and succeeded types: 
2024-12-22 17:34:18.204: [INFO][Sync] ConfigurationDone, failed: , succeeded: , remaining count: 0
2024-12-22 17:34:18.205: [INFO][Sync]     Configuration completed, state: 7
2024-12-22 17:34:18.206: [INFO][Sync] Configured DataTypeManager: Ok
2024-12-22 17:34:18.207: [INFO][SyncEngineBackend::DoStartSyncing] Start syncing
2024-12-22 17:35:30.751: [INFO][Sync] Reset engine, reason: 0
2024-12-22 17:35:30.751: [INFO][Sync] Reset engine with reason: 0
2024-12-22 17:43:14.660: [INFO][Sync] SyncState after authenticated was: FeatureNotSetup
2024-12-22 17:43:19.599: [INFO][SyncAuthManager::SetLastAuthError] Current auth error: None
2024-12-22 17:43:19.599: [INFO][SyncAuthManager::EdgeLogTokenErrorState] Token error with: None for account type: MSA
2024-12-22 17:43:19.601: [INFO][Sync] Credentials changed for: EdgeSyncKeyDataScope
2024-12-22 17:43:24.977: [INFO][Sync] Try to start sync engine
2024-12-22 17:43:24.993: [INFO][SyncManagerImpl::NudgeForInitialDownload] Initial download nudge for Encryption Keys
2024-12-22 17:43:24.993: [INFO][SyncEngineBackend::LoadAndConnectNigoriController] Load and connect Nigori controller
2024-12-22 17:43:24.993: [INFO][SyncEngineBackend::DoInitialize] Control Types added: Encryption Keys
2024-12-22 17:43:24.993: [INFO][SyncManagerImpl::ConfigureSyncer] Types to download: Encryption Keys with reason: 3
2024-12-22 17:43:24.994: [INFO][SyncEngineBackend::DoUpdateKeyDataCredentials] Update key data credentials
2024-12-22 17:43:24.994: [INFO][SyncSchedulerImpl::DoConfigurationSyncCycleJob] Configure job was blocked
2024-12-22 17:43:25.073: [INFO][SyncAuthManager::SetLastAuthError] Current auth error: None
2024-12-22 17:43:25.073: [INFO][SyncAuthManager::EdgeLogTokenErrorState] Token error with: None for account type: MSA
2024-12-22 17:43:25.073: [INFO][Sync] Credentials changed for: EdgeSyncScopeNew
2024-12-22 17:43:25.073: [INFO][SyncEngineBackend::DoUpdateCredentials] Update credentials
2024-12-22 17:43:25.073: [INFO][SyncSchedulerImpl::DoConfigurationSyncCycleJob] Blocked types:  and types to download: Encryption Keys
2024-12-22 17:43:25.384: [INFO][SyncEngineBackend::DoUpdateKeyDataCredentials] Update key data credentials
2024-12-22 17:43:25.390: [INFO][Sync] Started DataTypeManager configuration, reason: 4
2024-12-22 17:43:25.391: [INFO][Sync] Configuring for: Device Info, User Consents, Send Tab To Self, Encryption Keys, reason: 4, current state: 0
2024-12-22 17:43:25.395: [INFO][Sync] Configure, desired: Device Info, User Consents, Send Tab To Self, Encryption Keys; Allow fail: 
2024-12-22 17:43:25.397: [INFO][Sync] Loading: Device Info
2024-12-22 17:43:25.397: [INFO][Sync] Loading: User Consents
2024-12-22 17:43:25.397: [INFO][Sync] Loading: Send Tab To Self
2024-12-22 17:43:25.398: [INFO][Sync] All data types are ready for configure.
2024-12-22 17:43:25.948: [INFO][Sync] Started DataTypeManager configuration, reason: 5
2024-12-22 17:43:25.948: [INFO][Sync] Configuring for: Device Info, User Consents, Send Tab To Self, Encryption Keys, reason: 5, current state: 1
2024-12-22 17:43:25.958: [INFO][SyncEngineBackend::DoStartConfiguration] Start configuration
2024-12-22 17:43:25.959: [INFO][SyncManagerImpl::ConfigureSyncer] Types to download:  with reason: 4
2024-12-22 17:43:25.959: [INFO][SyncEngineBackend::DoFinishConfigureDataTypes] Failed to download types:  and succeeded types: 
2024-12-22 17:43:25.960: [INFO][Sync] ConfigurationDone, failed: , succeeded: , remaining count: 2
2024-12-22 17:43:25.960: [WARN][Sync]     Reconfigure requested while configuration ongoing.
2024-12-22 17:43:25.960: [INFO][Sync] Configuring for: Device Info, User Consents, Send Tab To Self, Encryption Keys, reason: 5, current state: 2
2024-12-22 17:43:25.960: [INFO][Sync] Configure, desired: Device Info, User Consents, Send Tab To Self, Encryption Keys; Allow fail: 
2024-12-22 17:43:25.960: [INFO][Sync] All data types are ready for configure.
2024-12-22 17:43:25.960: [INFO][SyncManagerImpl::ConfigureSyncer] Types to download:  with reason: 5
2024-12-22 17:43:25.960: [INFO][SyncEngineBackend::DoFinishConfigureDataTypes] Failed to download types:  and succeeded types: 
2024-12-22 17:43:25.960: [INFO][Sync] ConfigurationDone, failed: , succeeded: , remaining count: 2
2024-12-22 17:43:25.962: [INFO][SyncManagerImpl::ConfigureSyncer] Types to download:  with reason: 5
2024-12-22 17:43:25.962: [INFO][SyncEngineBackend::DoFinishConfigureDataTypes] Failed to download types:  and succeeded types: 
2024-12-22 17:43:25.962: [INFO][Sync] ConfigurationDone, failed: , succeeded: , remaining count: 1
2024-12-22 17:43:25.963: [INFO][SyncManagerImpl::ConfigureSyncer] Types to download:  with reason: 5
2024-12-22 17:43:25.963: [INFO][SyncEngineBackend::DoFinishConfigureDataTypes] Failed to download types:  and succeeded types: 
2024-12-22 17:43:25.963: [INFO][Sync] ConfigurationDone, failed: , succeeded: , remaining count: 0
2024-12-22 17:43:25.963: [INFO][Sync]     Configuration completed, state: 7
2024-12-22 17:43:26.001: [INFO][Sync] Configured DataTypeManager: Ok
2024-12-22 17:43:26.003: [INFO][SyncEngineBackend::DoStartSyncing] Start syncing
2024-12-22 17:51:14.774: [INFO][Sync] Reset engine, reason: 0
2024-12-22 17:51:14.775: [INFO][Sync] Reset engine with reason: 0
2024-12-22 17:51:49.124: [INFO][Sync] SyncState after authenticated was: FeatureNotSetup
2024-12-22 17:51:52.832: [INFO][SyncAuthManager::SetLastAuthError] Current auth error: None
2024-12-22 17:51:52.832: [INFO][SyncAuthManager::EdgeLogTokenErrorState] Token error with: None for account type: MSA
2024-12-22 17:51:52.839: [INFO][Sync] Credentials changed for: EdgeSyncKeyDataScope
2024-12-22 17:51:59.381: [INFO][Sync] Try to start sync engine
2024-12-22 17:51:59.400: [INFO][SyncManagerImpl::NudgeForInitialDownload] Initial download nudge for Encryption Keys
2024-12-22 17:51:59.400: [INFO][SyncEngineBackend::LoadAndConnectNigoriController] Load and connect Nigori controller
2024-12-22 17:51:59.400: [INFO][SyncEngineBackend::DoInitialize] Control Types added: Encryption Keys
2024-12-22 17:51:59.400: [INFO][SyncManagerImpl::ConfigureSyncer] Types to download: Encryption Keys with reason: 3
2024-12-22 17:51:59.400: [INFO][SyncEngineBackend::DoUpdateKeyDataCredentials] Update key data credentials
2024-12-22 17:51:59.401: [INFO][SyncSchedulerImpl::DoConfigurationSyncCycleJob] Configure job was blocked
2024-12-22 17:51:59.424: [INFO][SyncAuthManager::SetLastAuthError] Current auth error: None
2024-12-22 17:51:59.424: [INFO][SyncAuthManager::EdgeLogTokenErrorState] Token error with: None for account type: MSA
2024-12-22 17:51:59.424: [INFO][Sync] Credentials changed for: EdgeSyncScopeNew
2024-12-22 17:51:59.424: [INFO][SyncEngineBackend::DoUpdateCredentials] Update credentials
2024-12-22 17:51:59.424: [INFO][SyncEngineBackend::DoUpdateKeyDataCredentials] Update key data credentials
2024-12-22 17:51:59.424: [INFO][SyncSchedulerImpl::DoConfigurationSyncCycleJob] Blocked types:  and types to download: Encryption Keys
2024-12-22 17:51:59.955: [INFO][Sync] Started DataTypeManager configuration, reason: 4
2024-12-22 17:51:59.956: [INFO][Sync] Configuring for: Device Info, User Consents, Send Tab To Self, Encryption Keys, reason: 4, current state: 0
2024-12-22 17:51:59.960: [INFO][Sync] Configure, desired: Device Info, User Consents, Send Tab To Self, Encryption Keys; Allow fail: 
2024-12-22 17:51:59.961: [INFO][Sync] Loading: Device Info
2024-12-22 17:51:59.961: [INFO][Sync] Loading: User Consents
2024-12-22 17:51:59.961: [INFO][Sync] Loading: Send Tab To Self
2024-12-22 17:51:59.963: [INFO][Sync] All data types are ready for configure.
2024-12-22 17:52:00.445: [INFO][Sync] Started DataTypeManager configuration, reason: 5
2024-12-22 17:52:00.445: [INFO][Sync] Configuring for: Device Info, User Consents, Send Tab To Self, Encryption Keys, reason: 5, current state: 1
2024-12-22 17:52:00.449: [INFO][SyncEngineBackend::DoStartConfiguration] Start configuration
2024-12-22 17:52:00.449: [INFO][SyncManagerImpl::ConfigureSyncer] Types to download:  with reason: 4
2024-12-22 17:52:00.449: [INFO][SyncEngineBackend::DoFinishConfigureDataTypes] Failed to download types:  and succeeded types: 
2024-12-22 17:52:00.450: [INFO][Sync] ConfigurationDone, failed: , succeeded: , remaining count: 2
2024-12-22 17:52:00.450: [WARN][Sync]     Reconfigure requested while configuration ongoing.
2024-12-22 17:52:00.450: [INFO][Sync] Configuring for: Device Info, User Consents, Send Tab To Self, Encryption Keys, reason: 5, current state: 2
2024-12-22 17:52:00.450: [INFO][Sync] Configure, desired: Device Info, User Consents, Send Tab To Self, Encryption Keys; Allow fail: 
2024-12-22 17:52:00.450: [INFO][Sync] All data types are ready for configure.
2024-12-22 17:52:00.450: [INFO][SyncManagerImpl::ConfigureSyncer] Types to download:  with reason: 5
2024-12-22 17:52:00.450: [INFO][SyncEngineBackend::DoFinishConfigureDataTypes] Failed to download types:  and succeeded types: 
2024-12-22 17:52:00.450: [INFO][Sync] ConfigurationDone, failed: , succeeded: , remaining count: 2
2024-12-22 17:52:00.451: [INFO][SyncManagerImpl::ConfigureSyncer] Types to download:  with reason: 5
2024-12-22 17:52:00.451: [INFO][SyncEngineBackend::DoFinishConfigureDataTypes] Failed to download types:  and succeeded types: 
2024-12-22 17:52:00.452: [INFO][Sync] ConfigurationDone, failed: , succeeded: , remaining count: 1
2024-12-22 17:52:00.453: [INFO][SyncManagerImpl::ConfigureSyncer] Types to download:  with reason: 5
2024-12-22 17:52:00.453: [INFO][SyncEngineBackend::DoFinishConfigureDataTypes] Failed to download types:  and succeeded types: 
2024-12-22 17:52:00.453: [INFO][Sync] ConfigurationDone, failed: , succeeded: , remaining count: 0
2024-12-22 17:52:00.454: [INFO][Sync]     Configuration completed, state: 7
2024-12-22 17:52:00.455: [INFO][Sync] Configured DataTypeManager: Ok
2024-12-22 17:52:00.455: [INFO][SyncEngineBackend::DoStartSyncing] Start syncing
2024-12-22 18:09:11.873: [INFO][Sync] Reset engine, reason: 0
2024-12-22 18:09:11.874: [INFO][Sync] Reset engine with reason: 0
